{"name": "Verify that user can see product names and images", "status": "broken", "statusDetails": {"message": "selenium.common.exceptions.WebDriverException: Message: disconnected: not connected to DevTools\n  (failed to check if window was closed: disconnected: not connected to DevTools)\n  (Session info: chrome=131.0.6778.205)\nStacktrace:\n0   chromedriver                        0x000000010cab3268 chromedriver + 7098984\n1   chromedriver                        0x000000010caab13a chromedriver + 7065914\n2   chromedriver                        0x000000010c44fd70 chromedriver + 400752\n3   chromedriver                        0x000000010c4367f4 chromedriver + 296948\n4   chromedriver                        0x000000010c4366e3 chromedriver + 296675\n5   chromedriver                        0x000000010c452102 chromedriver + 409858\n6   chromedriver                        0x000000010c4e1b5f chromedriver + 998239\n7   chromedriver                        0x000000010c4c2fb3 chromedriver + 872371\n8   chromedriver                        0x000000010c4915c2 chromedriver + 669122\n9   chromedriver                        0x000000010c49259e chromedriver + 673182\n10  chromedriver                        0x000000010ca78020 chromedriver + 6856736\n11  chromedriver                        0x000000010ca7c050 chromedriver + 6873168\n12  chromedriver                        0x000000010ca5a3d7 chromedriver + 6734807\n13  chromedriver                        0x000000010ca7c9ee chromedriver + 6875630\n14  chromedriver                        0x000000010ca49c14 chromedriver + 6667284\n15  chromedriver                        0x000000010ca99778 chromedriver + 6993784\n16  chromedriver                        0x000000010ca99936 chromedriver + 6994230\n17  chromedriver                        0x000000010caaad18 chromedriver + 7064856\n18  libsystem_pthread.dylib             0x00007ff80352d253 _pthread_start + 99\n19  libsystem_pthread.dylib             0x00007ff803528bef thread_start + 15\n\n", "trace": "  File \"/Users/yevheniiustenko/QA/Yevhenii.Ustenko.python-selenium-automation/.venv/lib/python3.13/site-packages/behave/model.py\", line 1329, in run\n    match.run(runner.context)\n    ~~~~~~~~~^^^^^^^^^^^^^^^^\n  File \"/Users/yevheniiustenko/QA/Yevhenii.Ustenko.python-selenium-automation/.venv/lib/python3.13/site-packages/behave/matchers.py\", line 98, in run\n    self.func(context, *args, **kwargs)\n    ~~~~~~~~~^^^^^^^^^^^^^^^^^^^^^^^^^^\n  File \"features/steps/search_product_steps.py\", line 25, in verify_products_name_img\n    context.app.search_product_page.verify_product_name_img()\n    ~~~~~~~~~~~~~~~~~~~~~~~~~~~~~~~~~~~~~~~~~~~~~~~~~~~~~~~^^\n  File \"/Users/yevheniiustenko/QA/Yevhenii.Ustenko.python-selenium-automation/pages/search_product_page.py\", line 29, in verify_product_name_img\n    self.driver.execute_script(\"window.scrollBy(0,2000)\", \"\")\n    ~~~~~~~~~~~~~~~~~~~~~~~~~~^^^^^^^^^^^^^^^^^^^^^^^^^^^^^^^\n  File \"/Users/yevheniiustenko/QA/Yevhenii.Ustenko.python-selenium-automation/.venv/lib/python3.13/site-packages/selenium/webdriver/remote/webdriver.py\", line 440, in execute_script\n    return self.execute(command, {\"script\": script, \"args\": converted_args})[\"value\"]\n           ~~~~~~~~~~~~^^^^^^^^^^^^^^^^^^^^^^^^^^^^^^^^^^^^^^^^^^^^^^^^^^^^^\n  File \"/Users/yevheniiustenko/QA/Yevhenii.Ustenko.python-selenium-automation/.venv/lib/python3.13/site-packages/selenium/webdriver/remote/webdriver.py\", line 380, in execute\n    self.error_handler.check_response(response)\n    ~~~~~~~~~~~~~~~~~~~~~~~~~~~~~~~~~^^^^^^^^^^\n  File \"/Users/yevheniiustenko/QA/Yevhenii.Ustenko.python-selenium-automation/.venv/lib/python3.13/site-packages/selenium/webdriver/remote/errorhandler.py\", line 229, in check_response\n    raise exception_class(message, screen, stacktrace)\n"}, "steps": [{"name": "Given Open target main page", "status": "passed", "start": 1736197186532, "stop": 1736197190153}, {"name": "When Search for AirPods (3rd Generation)", "status": "passed", "start": 1736197190153, "stop": 1736197206415}, {"name": "Then Verify that every product has a name and an image", "status": "broken", "statusDetails": {"message": "selenium.common.exceptions.WebDriverException: Message: disconnected: not connected to DevTools\n  (failed to check if window was closed: disconnected: not connected to DevTools)\n  (Session info: chrome=131.0.6778.205)\nStacktrace:\n0   chromedriver                        0x000000010cab3268 chromedriver + 7098984\n1   chromedriver                        0x000000010caab13a chromedriver + 7065914\n2   chromedriver                        0x000000010c44fd70 chromedriver + 400752\n3   chromedriver                        0x000000010c4367f4 chromedriver + 296948\n4   chromedriver                        0x000000010c4366e3 chromedriver + 296675\n5   chromedriver                        0x000000010c452102 chromedriver + 409858\n6   chromedriver                        0x000000010c4e1b5f chromedriver + 998239\n7   chromedriver                        0x000000010c4c2fb3 chromedriver + 872371\n8   chromedriver                        0x000000010c4915c2 chromedriver + 669122\n9   chromedriver                        0x000000010c49259e chromedriver + 673182\n10  chromedriver                        0x000000010ca78020 chromedriver + 6856736\n11  chromedriver                        0x000000010ca7c050 chromedriver + 6873168\n12  chromedriver                        0x000000010ca5a3d7 chromedriver + 6734807\n13  chromedriver                        0x000000010ca7c9ee chromedriver + 6875630\n14  chromedriver                        0x000000010ca49c14 chromedriver + 6667284\n15  chromedriver                        0x000000010ca99778 chromedriver + 6993784\n16  chromedriver                        0x000000010ca99936 chromedriver + 6994230\n17  chromedriver                        0x000000010caaad18 chromedriver + 7064856\n18  libsystem_pthread.dylib             0x00007ff80352d253 _pthread_start + 99\n19  libsystem_pthread.dylib             0x00007ff803528bef thread_start + 15\n\n", "trace": "  File \"/Users/yevheniiustenko/QA/Yevhenii.Ustenko.python-selenium-automation/.venv/lib/python3.13/site-packages/behave/model.py\", line 1329, in run\n    match.run(runner.context)\n    ~~~~~~~~~^^^^^^^^^^^^^^^^\n  File \"/Users/yevheniiustenko/QA/Yevhenii.Ustenko.python-selenium-automation/.venv/lib/python3.13/site-packages/behave/matchers.py\", line 98, in run\n    self.func(context, *args, **kwargs)\n    ~~~~~~~~~^^^^^^^^^^^^^^^^^^^^^^^^^^\n  File \"features/steps/search_product_steps.py\", line 25, in verify_products_name_img\n    context.app.search_product_page.verify_product_name_img()\n    ~~~~~~~~~~~~~~~~~~~~~~~~~~~~~~~~~~~~~~~~~~~~~~~~~~~~~~~^^\n  File \"/Users/yevheniiustenko/QA/Yevhenii.Ustenko.python-selenium-automation/pages/search_product_page.py\", line 29, in verify_product_name_img\n    self.driver.execute_script(\"window.scrollBy(0,2000)\", \"\")\n    ~~~~~~~~~~~~~~~~~~~~~~~~~~^^^^^^^^^^^^^^^^^^^^^^^^^^^^^^^\n  File \"/Users/yevheniiustenko/QA/Yevhenii.Ustenko.python-selenium-automation/.venv/lib/python3.13/site-packages/selenium/webdriver/remote/webdriver.py\", line 440, in execute_script\n    return self.execute(command, {\"script\": script, \"args\": converted_args})[\"value\"]\n           ~~~~~~~~~~~~^^^^^^^^^^^^^^^^^^^^^^^^^^^^^^^^^^^^^^^^^^^^^^^^^^^^^\n  File \"/Users/yevheniiustenko/QA/Yevhenii.Ustenko.python-selenium-automation/.venv/lib/python3.13/site-packages/selenium/webdriver/remote/webdriver.py\", line 380, in execute\n    self.error_handler.check_response(response)\n    ~~~~~~~~~~~~~~~~~~~~~~~~~~~~~~~~~^^^^^^^^^^\n  File \"/Users/yevheniiustenko/QA/Yevhenii.Ustenko.python-selenium-automation/.venv/lib/python3.13/site-packages/selenium/webdriver/remote/errorhandler.py\", line 229, in check_response\n    raise exception_class(message, screen, stacktrace)\n"}, "start": 1736197206416, "stop": 1736197206423}], "start": 1736197184195, "stop": 1736197206724, "uuid": "10678ccf-0de2-4d54-82a9-7e3d7fb06ead", "historyId": "fea190713b56c5545c5a781aac244783", "fullName": "Tests for search: Verify that user can see product names and images", "labels": [{"name": "severity", "value": "normal"}, {"name": "feature", "value": "Tests for search"}, {"name": "framework", "value": "behave"}, {"name": "language", "value": "cpython3"}]}