{"name": "User add a product to cart", "status": "broken", "statusDetails": {"message": "selenium.common.exceptions.NoSuchWindowException: Message: no such window: target window already closed\nfrom unknown error: web view not found\n  (Session info: chrome=131.0.6778.205)\nStacktrace:\n0   chromedriver                        0x000000010f1bb268 chromedriver + 7098984\n1   chromedriver                        0x000000010f1b313a chromedriver + 7065914\n2   chromedriver                        0x000000010eb57d70 chromedriver + 400752\n3   chromedriver                        0x000000010eb2d89f chromedriver + 227487\n4   chromedriver                        0x000000010ebd348d chromedriver + 906381\n5   chromedriver                        0x000000010ebe9b35 chromedriver + 998197\n6   chromedriver                        0x000000010ebcafb3 chromedriver + 872371\n7   chromedriver                        0x000000010eb995c2 chromedriver + 669122\n8   chromedriver                        0x000000010eb9a59e chromedriver + 673182\n9   chromedriver                        0x000000010f180020 chromedriver + 6856736\n10  chromedriver                        0x000000010f184050 chromedriver + 6873168\n11  chromedriver                        0x000000010f1623d7 chromedriver + 6734807\n12  chromedriver                        0x000000010f1849ee chromedriver + 6875630\n13  chromedriver                        0x000000010f151c14 chromedriver + 6667284\n14  chromedriver                        0x000000010f1a1778 chromedriver + 6993784\n15  chromedriver                        0x000000010f1a1936 chromedriver + 6994230\n16  chromedriver                        0x000000010f1b2d18 chromedriver + 7064856\n17  libsystem_pthread.dylib             0x00007ff810a86253 _pthread_start + 99\n18  libsystem_pthread.dylib             0x00007ff810a81bef thread_start + 15\n\n", "trace": "  File \"/Users/yevheniiustenko/QA/Yevhenii.Ustenko.python-selenium-automation/.venv/lib/python3.13/site-packages/behave/model.py\", line 1329, in run\n    match.run(runner.context)\n    ~~~~~~~~~^^^^^^^^^^^^^^^^\n  File \"/Users/yevheniiustenko/QA/Yevhenii.Ustenko.python-selenium-automation/.venv/lib/python3.13/site-packages/behave/matchers.py\", line 98, in run\n    self.func(context, *args, **kwargs)\n    ~~~~~~~~~^^^^^^^^^^^^^^^^^^^^^^^^^^\n  File \"features/steps/search_product_steps.py\", line 14, in search_product\n    context.app.header_page.search_product(product)\n    ~~~~~~~~~~~~~~~~~~~~~~~~~~~~~~~~~~~~~~^^^^^^^^^\n  File \"/Users/yevheniiustenko/QA/Yevhenii.Ustenko.python-selenium-automation/pages/header_page.py\", line 13, in search_product\n    self.input_text(product, *self.SEARCH_FIELD)\n    ~~~~~~~~~~~~~~~^^^^^^^^^^^^^^^^^^^^^^^^^^^^^\n  File \"/Users/yevheniiustenko/QA/Yevhenii.Ustenko.python-selenium-automation/pages/base_page.py\", line 34, in input_text\n    self.driver.find_element(*locator).send_keys(text)\n    ~~~~~~~~~~~~~~~~~~~~~~~~^^^^^^^^^^\n  File \"/Users/yevheniiustenko/QA/Yevhenii.Ustenko.python-selenium-automation/.venv/lib/python3.13/site-packages/selenium/webdriver/remote/webdriver.py\", line 766, in find_element\n    return self.execute(Command.FIND_ELEMENT, {\"using\": by, \"value\": value})[\"value\"]\n           ~~~~~~~~~~~~^^^^^^^^^^^^^^^^^^^^^^^^^^^^^^^^^^^^^^^^^^^^^^^^^^^^^\n  File \"/Users/yevheniiustenko/QA/Yevhenii.Ustenko.python-selenium-automation/.venv/lib/python3.13/site-packages/selenium/webdriver/remote/webdriver.py\", line 380, in execute\n    self.error_handler.check_response(response)\n    ~~~~~~~~~~~~~~~~~~~~~~~~~~~~~~~~~^^^^^^^^^^\n  File \"/Users/yevheniiustenko/QA/Yevhenii.Ustenko.python-selenium-automation/.venv/lib/python3.13/site-packages/selenium/webdriver/remote/errorhandler.py\", line 229, in check_response\n    raise exception_class(message, screen, stacktrace)\n"}, "steps": [{"name": "Given Open target main page", "status": "passed", "start": 1735862136422, "stop": 1735862139088}, {"name": "When Search for tide", "status": "broken", "statusDetails": {"message": "selenium.common.exceptions.NoSuchWindowException: Message: no such window: target window already closed\nfrom unknown error: web view not found\n  (Session info: chrome=131.0.6778.205)\nStacktrace:\n0   chromedriver                        0x000000010f1bb268 chromedriver + 7098984\n1   chromedriver                        0x000000010f1b313a chromedriver + 7065914\n2   chromedriver                        0x000000010eb57d70 chromedriver + 400752\n3   chromedriver                        0x000000010eb2d89f chromedriver + 227487\n4   chromedriver                        0x000000010ebd348d chromedriver + 906381\n5   chromedriver                        0x000000010ebe9b35 chromedriver + 998197\n6   chromedriver                        0x000000010ebcafb3 chromedriver + 872371\n7   chromedriver                        0x000000010eb995c2 chromedriver + 669122\n8   chromedriver                        0x000000010eb9a59e chromedriver + 673182\n9   chromedriver                        0x000000010f180020 chromedriver + 6856736\n10  chromedriver                        0x000000010f184050 chromedriver + 6873168\n11  chromedriver                        0x000000010f1623d7 chromedriver + 6734807\n12  chromedriver                        0x000000010f1849ee chromedriver + 6875630\n13  chromedriver                        0x000000010f151c14 chromedriver + 6667284\n14  chromedriver                        0x000000010f1a1778 chromedriver + 6993784\n15  chromedriver                        0x000000010f1a1936 chromedriver + 6994230\n16  chromedriver                        0x000000010f1b2d18 chromedriver + 7064856\n17  libsystem_pthread.dylib             0x00007ff810a86253 _pthread_start + 99\n18  libsystem_pthread.dylib             0x00007ff810a81bef thread_start + 15\n\n", "trace": "  File \"/Users/yevheniiustenko/QA/Yevhenii.Ustenko.python-selenium-automation/.venv/lib/python3.13/site-packages/behave/model.py\", line 1329, in run\n    match.run(runner.context)\n    ~~~~~~~~~^^^^^^^^^^^^^^^^\n  File \"/Users/yevheniiustenko/QA/Yevhenii.Ustenko.python-selenium-automation/.venv/lib/python3.13/site-packages/behave/matchers.py\", line 98, in run\n    self.func(context, *args, **kwargs)\n    ~~~~~~~~~^^^^^^^^^^^^^^^^^^^^^^^^^^\n  File \"features/steps/search_product_steps.py\", line 14, in search_product\n    context.app.header_page.search_product(product)\n    ~~~~~~~~~~~~~~~~~~~~~~~~~~~~~~~~~~~~~~^^^^^^^^^\n  File \"/Users/yevheniiustenko/QA/Yevhenii.Ustenko.python-selenium-automation/pages/header_page.py\", line 13, in search_product\n    self.input_text(product, *self.SEARCH_FIELD)\n    ~~~~~~~~~~~~~~~^^^^^^^^^^^^^^^^^^^^^^^^^^^^^\n  File \"/Users/yevheniiustenko/QA/Yevhenii.Ustenko.python-selenium-automation/pages/base_page.py\", line 34, in input_text\n    self.driver.find_element(*locator).send_keys(text)\n    ~~~~~~~~~~~~~~~~~~~~~~~~^^^^^^^^^^\n  File \"/Users/yevheniiustenko/QA/Yevhenii.Ustenko.python-selenium-automation/.venv/lib/python3.13/site-packages/selenium/webdriver/remote/webdriver.py\", line 766, in find_element\n    return self.execute(Command.FIND_ELEMENT, {\"using\": by, \"value\": value})[\"value\"]\n           ~~~~~~~~~~~~^^^^^^^^^^^^^^^^^^^^^^^^^^^^^^^^^^^^^^^^^^^^^^^^^^^^^\n  File \"/Users/yevheniiustenko/QA/Yevhenii.Ustenko.python-selenium-automation/.venv/lib/python3.13/site-packages/selenium/webdriver/remote/webdriver.py\", line 380, in execute\n    self.error_handler.check_response(response)\n    ~~~~~~~~~~~~~~~~~~~~~~~~~~~~~~~~~^^^^^^^^^^\n  File \"/Users/yevheniiustenko/QA/Yevhenii.Ustenko.python-selenium-automation/.venv/lib/python3.13/site-packages/selenium/webdriver/remote/errorhandler.py\", line 229, in check_response\n    raise exception_class(message, screen, stacktrace)\n"}, "start": 1735862139088, "stop": 1735862139097}, {"name": "And Click add to cart button", "status": "skipped", "start": 1735862139240, "stop": 1735862139240}, {"name": "And Add product name", "status": "skipped", "start": 1735862139241, "stop": 1735862139241}, {"name": "And Confirm Add to Cart from side Navigation", "status": "skipped", "start": 1735862139241, "stop": 1735862139241}, {"name": "And Open Cart Page", "status": "skipped", "start": 1735862139241, "stop": 1735862139241}, {"name": "Then Verify cart has at list 1 item(s)", "status": "skipped", "start": 1735862139241, "stop": 1735862139241}, {"name": "And Verify cart has correct tide", "status": "skipped", "start": 1735862139241, "stop": 1735862139241}], "start": 1735862134126, "stop": 1735862139241, "uuid": "544289f4-0982-4465-862c-3c5ef527174c", "historyId": "dee55d84c30d2aa0481feef226c714b1", "fullName": "Test for clicks on the cart: User add a product to cart", "labels": [{"name": "severity", "value": "normal"}, {"name": "feature", "value": "Test for clicks on the cart"}, {"name": "framework", "value": "behave"}, {"name": "language", "value": "cpython3"}]}