{"name": "User can select shoe colors", "status": "failed", "statusDetails": {"message": "AssertionError: Expected ['grey', 'navy/tan', 'white/sand/tan', 'white/navy/red - Out of Stock'] did not match actual ['black/gum', 'dark khaki', 'grey', 'navy/tan', 'white/sand/tan', 'white/navy/red - Out of Stock']\n", "trace": "  File \"/Users/yevheniiustenko/QA/Yevhenii.Ustenko.python-selenium-automation/.venv/lib/python3.13/site-packages/behave/model.py\", line 1329, in run\n    match.run(runner.context)\n    ~~~~~~~~~^^^^^^^^^^^^^^^^\n  File \"/Users/yevheniiustenko/QA/Yevhenii.Ustenko.python-selenium-automation/.venv/lib/python3.13/site-packages/behave/matchers.py\", line 98, in run\n    self.func(context, *args, **kwargs)\n    ~~~~~~~~~^^^^^^^^^^^^^^^^^^^^^^^^^^\n  File \"features/steps/product_details_steps.py\", line 18, in click_and_verify_shoes_colors\n    context.app.product_details_page.click_and_verify_shoes_colors()\n    ~~~~~~~~~~~~~~~~~~~~~~~~~~~~~~~~~~~~~~~~~~~~~~~~~~~~~~~~~~~~~~^^\n  File \"/Users/yevheniiustenko/QA/Yevhenii.Ustenko.python-selenium-automation/pages/product_details_page.py\", line 51, in click_and_verify_shoes_colors\n    assert expected_colors == actual_colors, f'Expected {expected_colors} did not match actual {actual_colors}'\n           ^^^^^^^^^^^^^^^^^^^^^^^^^^^^^^^^\n"}, "steps": [{"name": "Given Open target product A-91511634 page", "status": "passed", "start": 1735862091135, "stop": 1735862105090}, {"name": "Then Verify user can choose shoe colors", "status": "failed", "statusDetails": {"message": "AssertionError: Expected ['grey', 'navy/tan', 'white/sand/tan', 'white/navy/red - Out of Stock'] did not match actual ['black/gum', 'dark khaki', 'grey', 'navy/tan', 'white/sand/tan', 'white/navy/red - Out of Stock']\n", "trace": "  File \"/Users/yevheniiustenko/QA/Yevhenii.Ustenko.python-selenium-automation/.venv/lib/python3.13/site-packages/behave/model.py\", line 1329, in run\n    match.run(runner.context)\n    ~~~~~~~~~^^^^^^^^^^^^^^^^\n  File \"/Users/yevheniiustenko/QA/Yevhenii.Ustenko.python-selenium-automation/.venv/lib/python3.13/site-packages/behave/matchers.py\", line 98, in run\n    self.func(context, *args, **kwargs)\n    ~~~~~~~~~^^^^^^^^^^^^^^^^^^^^^^^^^^\n  File \"features/steps/product_details_steps.py\", line 18, in click_and_verify_shoes_colors\n    context.app.product_details_page.click_and_verify_shoes_colors()\n    ~~~~~~~~~~~~~~~~~~~~~~~~~~~~~~~~~~~~~~~~~~~~~~~~~~~~~~~~~~~~~~^^\n  File \"/Users/yevheniiustenko/QA/Yevhenii.Ustenko.python-selenium-automation/pages/product_details_page.py\", line 51, in click_and_verify_shoes_colors\n    assert expected_colors == actual_colors, f'Expected {expected_colors} did not match actual {actual_colors}'\n           ^^^^^^^^^^^^^^^^^^^^^^^^^^^^^^^^\n"}, "start": 1735862105091, "stop": 1735862106470}], "start": 1735862088420, "stop": 1735862106722, "uuid": "5b324989-95fe-49ef-b5ec-215b5e55583b", "historyId": "5fe09aec1122aed061c1a24c02173f04", "fullName": "Tests for product page: User can select shoe colors", "labels": [{"name": "severity", "value": "normal"}, {"name": "feature", "value": "Tests for product page"}, {"name": "framework", "value": "behave"}, {"name": "language", "value": "cpython3"}]}