{"name": "Verify that user can see product names and images", "status": "broken", "statusDetails": {"message": "selenium.common.exceptions.NoSuchElementException: Message: no such element: Unable to locate element: {\"method\":\"css selector\",\"selector\":\"[data-test='product-title']\"}\n  (Session info: chrome=131.0.6778.205); For documentation on this error, please visit: https://www.selenium.dev/documentation/webdriver/troubleshooting/errors#no-such-element-exception\nStacktrace:\n0   chromedriver                        0x0000000100bac268 chromedriver + 7098984\n1   chromedriver                        0x0000000100ba413a chromedriver + 7065914\n2   chromedriver                        0x0000000100548d70 chromedriver + 400752\n3   chromedriver                        0x0000000100597bd3 chromedriver + 723923\n4   chromedriver                        0x0000000100597ed1 chromedriver + 724689\n5   chromedriver                        0x000000010058c3b6 chromedriver + 676790\n6   chromedriver                        0x00000001005bc23d chromedriver + 873021\n7   chromedriver                        0x000000010058c2b8 chromedriver + 676536\n8   chromedriver                        0x00000001005bc3ce chromedriver + 873422\n9   chromedriver                        0x00000001005db15e chromedriver + 999774\n10  chromedriver                        0x00000001005bbfb3 chromedriver + 872371\n11  chromedriver                        0x000000010058a5c2 chromedriver + 669122\n12  chromedriver                        0x000000010058b59e chromedriver + 673182\n13  chromedriver                        0x0000000100b71020 chromedriver + 6856736\n14  chromedriver                        0x0000000100b75050 chromedriver + 6873168\n15  chromedriver                        0x0000000100b533d7 chromedriver + 6734807\n16  chromedriver                        0x0000000100b759ee chromedriver + 6875630\n17  chromedriver                        0x0000000100b42c14 chromedriver + 6667284\n18  chromedriver                        0x0000000100b92778 chromedriver + 6993784\n19  chromedriver                        0x0000000100b92936 chromedriver + 6994230\n20  chromedriver                        0x0000000100ba3d18 chromedriver + 7064856\n21  libsystem_pthread.dylib             0x00007ff810a86253 _pthread_start + 99\n22  libsystem_pthread.dylib             0x00007ff810a81bef thread_start + 15\n\n", "trace": "  File \"/Users/yevheniiustenko/QA/Yevhenii.Ustenko.python-selenium-automation/.venv/lib/python3.13/site-packages/behave/model.py\", line 1329, in run\n    match.run(runner.context)\n    ~~~~~~~~~^^^^^^^^^^^^^^^^\n  File \"/Users/yevheniiustenko/QA/Yevhenii.Ustenko.python-selenium-automation/.venv/lib/python3.13/site-packages/behave/matchers.py\", line 98, in run\n    self.func(context, *args, **kwargs)\n    ~~~~~~~~~^^^^^^^^^^^^^^^^^^^^^^^^^^\n  File \"features/steps/search_product_steps.py\", line 25, in verify_products_name_img\n    context.app.search_product_page.verify_product_name_img()\n    ~~~~~~~~~~~~~~~~~~~~~~~~~~~~~~~~~~~~~~~~~~~~~~~~~~~~~~~^^\n  File \"/Users/yevheniiustenko/QA/Yevhenii.Ustenko.python-selenium-automation/pages/search_product_page.py\", line 37, in verify_product_name_img\n    title = product.find_element(*self.PRODUCT_TITLE).text\n            ~~~~~~~~~~~~~~~~~~~~^^^^^^^^^^^^^^^^^^^^^\n  File \"/Users/yevheniiustenko/QA/Yevhenii.Ustenko.python-selenium-automation/.venv/lib/python3.13/site-packages/selenium/webdriver/remote/webelement.py\", line 408, in find_element\n    return self._execute(Command.FIND_CHILD_ELEMENT, {\"using\": by, \"value\": value})[\"value\"]\n           ~~~~~~~~~~~~~^^^^^^^^^^^^^^^^^^^^^^^^^^^^^^^^^^^^^^^^^^^^^^^^^^^^^^^^^^^\n  File \"/Users/yevheniiustenko/QA/Yevhenii.Ustenko.python-selenium-automation/.venv/lib/python3.13/site-packages/selenium/webdriver/remote/webelement.py\", line 395, in _execute\n    return self._parent.execute(command, params)\n           ~~~~~~~~~~~~~~~~~~~~^^^^^^^^^^^^^^^^^\n  File \"/Users/yevheniiustenko/QA/Yevhenii.Ustenko.python-selenium-automation/.venv/lib/python3.13/site-packages/selenium/webdriver/remote/webdriver.py\", line 380, in execute\n    self.error_handler.check_response(response)\n    ~~~~~~~~~~~~~~~~~~~~~~~~~~~~~~~~~^^^^^^^^^^\n  File \"/Users/yevheniiustenko/QA/Yevhenii.Ustenko.python-selenium-automation/.venv/lib/python3.13/site-packages/selenium/webdriver/remote/errorhandler.py\", line 229, in check_response\n    raise exception_class(message, screen, stacktrace)\n"}, "steps": [{"name": "Given Open target main page", "status": "passed", "start": 1735862326563, "stop": 1735862329784}, {"name": "When Search for AirPods (3rd Generation)", "status": "passed", "start": 1735862329785, "stop": 1735862346204}, {"name": "Then Verify that every product has a name and an image", "status": "broken", "statusDetails": {"message": "selenium.common.exceptions.NoSuchElementException: Message: no such element: Unable to locate element: {\"method\":\"css selector\",\"selector\":\"[data-test='product-title']\"}\n  (Session info: chrome=131.0.6778.205); For documentation on this error, please visit: https://www.selenium.dev/documentation/webdriver/troubleshooting/errors#no-such-element-exception\nStacktrace:\n0   chromedriver                        0x0000000100bac268 chromedriver + 7098984\n1   chromedriver                        0x0000000100ba413a chromedriver + 7065914\n2   chromedriver                        0x0000000100548d70 chromedriver + 400752\n3   chromedriver                        0x0000000100597bd3 chromedriver + 723923\n4   chromedriver                        0x0000000100597ed1 chromedriver + 724689\n5   chromedriver                        0x000000010058c3b6 chromedriver + 676790\n6   chromedriver                        0x00000001005bc23d chromedriver + 873021\n7   chromedriver                        0x000000010058c2b8 chromedriver + 676536\n8   chromedriver                        0x00000001005bc3ce chromedriver + 873422\n9   chromedriver                        0x00000001005db15e chromedriver + 999774\n10  chromedriver                        0x00000001005bbfb3 chromedriver + 872371\n11  chromedriver                        0x000000010058a5c2 chromedriver + 669122\n12  chromedriver                        0x000000010058b59e chromedriver + 673182\n13  chromedriver                        0x0000000100b71020 chromedriver + 6856736\n14  chromedriver                        0x0000000100b75050 chromedriver + 6873168\n15  chromedriver                        0x0000000100b533d7 chromedriver + 6734807\n16  chromedriver                        0x0000000100b759ee chromedriver + 6875630\n17  chromedriver                        0x0000000100b42c14 chromedriver + 6667284\n18  chromedriver                        0x0000000100b92778 chromedriver + 6993784\n19  chromedriver                        0x0000000100b92936 chromedriver + 6994230\n20  chromedriver                        0x0000000100ba3d18 chromedriver + 7064856\n21  libsystem_pthread.dylib             0x00007ff810a86253 _pthread_start + 99\n22  libsystem_pthread.dylib             0x00007ff810a81bef thread_start + 15\n\n", "trace": "  File \"/Users/yevheniiustenko/QA/Yevhenii.Ustenko.python-selenium-automation/.venv/lib/python3.13/site-packages/behave/model.py\", line 1329, in run\n    match.run(runner.context)\n    ~~~~~~~~~^^^^^^^^^^^^^^^^\n  File \"/Users/yevheniiustenko/QA/Yevhenii.Ustenko.python-selenium-automation/.venv/lib/python3.13/site-packages/behave/matchers.py\", line 98, in run\n    self.func(context, *args, **kwargs)\n    ~~~~~~~~~^^^^^^^^^^^^^^^^^^^^^^^^^^\n  File \"features/steps/search_product_steps.py\", line 25, in verify_products_name_img\n    context.app.search_product_page.verify_product_name_img()\n    ~~~~~~~~~~~~~~~~~~~~~~~~~~~~~~~~~~~~~~~~~~~~~~~~~~~~~~~^^\n  File \"/Users/yevheniiustenko/QA/Yevhenii.Ustenko.python-selenium-automation/pages/search_product_page.py\", line 37, in verify_product_name_img\n    title = product.find_element(*self.PRODUCT_TITLE).text\n            ~~~~~~~~~~~~~~~~~~~~^^^^^^^^^^^^^^^^^^^^^\n  File \"/Users/yevheniiustenko/QA/Yevhenii.Ustenko.python-selenium-automation/.venv/lib/python3.13/site-packages/selenium/webdriver/remote/webelement.py\", line 408, in find_element\n    return self._execute(Command.FIND_CHILD_ELEMENT, {\"using\": by, \"value\": value})[\"value\"]\n           ~~~~~~~~~~~~~^^^^^^^^^^^^^^^^^^^^^^^^^^^^^^^^^^^^^^^^^^^^^^^^^^^^^^^^^^^\n  File \"/Users/yevheniiustenko/QA/Yevhenii.Ustenko.python-selenium-automation/.venv/lib/python3.13/site-packages/selenium/webdriver/remote/webelement.py\", line 395, in _execute\n    return self._parent.execute(command, params)\n           ~~~~~~~~~~~~~~~~~~~~^^^^^^^^^^^^^^^^^\n  File \"/Users/yevheniiustenko/QA/Yevhenii.Ustenko.python-selenium-automation/.venv/lib/python3.13/site-packages/selenium/webdriver/remote/webdriver.py\", line 380, in execute\n    self.error_handler.check_response(response)\n    ~~~~~~~~~~~~~~~~~~~~~~~~~~~~~~~~~^^^^^^^^^^\n  File \"/Users/yevheniiustenko/QA/Yevhenii.Ustenko.python-selenium-automation/.venv/lib/python3.13/site-packages/selenium/webdriver/remote/errorhandler.py\", line 229, in check_response\n    raise exception_class(message, screen, stacktrace)\n"}, "start": 1735862346204, "stop": 1735862356577}], "start": 1735862324179, "stop": 1735862356834, "uuid": "6853af42-b746-402b-8bbb-375bf051df45", "historyId": "fea190713b56c5545c5a781aac244783", "fullName": "Tests for search: Verify that user can see product names and images", "labels": [{"name": "severity", "value": "normal"}, {"name": "feature", "value": "Tests for search"}, {"name": "framework", "value": "behave"}, {"name": "language", "value": "cpython3"}]}